<?xml version="1.0" encoding="UTF-8"?>
<!-- Generated by org.testng.reporters.JUnitXMLReporter -->
<testsuite hostname="pace-OptiPlex-360" name="Command line test" tests="1" failures="1" timestamp="30 May 2017 07:40:00 GMT" time="45.593" errors="0">
  <testcase name="test" time="45.573" classname="org.testDemo.Test.DemoTest">
    <failure type="org.openqa.selenium.WebDriverException" message="Failed to connect to binary FirefoxBinary(/usr/bin/firefox) on port 7055; process output follows: 
&amp;quot;,&amp;quot;homepageURL&amp;quot;:null},{&amp;quot;locales&amp;quot;:[&amp;quot;ro&amp;quot;],&amp;quot;name&amp;quot;:&amp;quot;Ubuntu Modifications&amp;quot;,&amp;quot;description&amp;quot;:&amp;quot;Pachetul Ubuntu Firefox.&amp;quot;,&amp;quot;creator&amp;quot;:&amp;quot;Canonical Ltd.&amp;quot;,&amp;quot;homepageURL&amp;quot;:null},{&amp;quot;locales&amp;quot;:[&amp;quot;ru&amp;quot;],&amp;quot;name&amp;quot;:&amp;quot;Ubuntu Modifications&amp;quot;,&amp;quot;description&amp;quot;:&amp;quot;Расширения Firefox для Ubuntu&amp;quot;,&amp;quot;creator&amp;quot;:&amp;quot;Canonical Ltd.&amp;quot;,&amp;quot;homepageURL&amp;quot;:null},{&amp;quot;locales&amp;quot;:[&amp;quot;sl&amp;quot;],&amp;quot;name&amp;quot;:&amp;quot;Ubuntu Modifications&amp;quot;,&amp;quot;description&amp;quot;:&amp;quot;Ubuntu razširitve za Firefox.&amp;quot;,&amp;quot;creator&amp;quot;:&amp;quot;Canonical Ltd.&amp;quot;,&amp;quot;homepageURL&amp;quot;:null},{&amp;quot;locales&amp;quot;:[&amp;quot;sv-SE&amp;quot;],&amp;quot;name&amp;quot;:&amp;quot;Ubuntu Modifications&amp;quot;,&amp;quot;description&amp;quot;:&amp;quot;Ubuntu-paket för Firefox.&amp;quot;,&amp;quot;creator&amp;quot;:&amp;quot;Canonical Ltd.&amp;quot;,&amp;quot;homepageURL&amp;quot;:null},{&amp;quot;locales&amp;quot;:[&amp;quot;uk&amp;quot;],&amp;quot;name&amp;quot;:&amp;quot;Ubuntu Modifications&amp;quot;,&amp;quot;description&amp;quot;:&amp;quot;Убунтівські доповнення до Firefox.&amp;quot;,&amp;quot;creator&amp;quot;:&amp;quot;Canonical Ltd.&amp;quot;,&amp;quot;homepageURL&amp;quot;:null},{&amp;quot;locales&amp;quot;:[&amp;quot;zh-CN&amp;quot;],&amp;quot;name&amp;quot;:&amp;quot;Ubuntu Modifications&amp;quot;,&amp;quot;description&amp;quot;:&amp;quot;Ubuntu 火狐扩展包.&amp;quot;,&amp;quot;creator&amp;quot;:&amp;quot;Canonical Ltd.&amp;quot;,&amp;quot;homepageURL&amp;quot;:null},{&amp;quot;locales&amp;quot;:[&amp;quot;zh-TW&amp;quot;],&amp;quot;name&amp;quot;:&amp;quot;Ubuntu Modifications&amp;quot;,&amp;quot;description&amp;quot;:&amp;quot;Ubuntu Firefox 擴充包。&amp;quot;,&amp;quot;creator&amp;quot;:&amp;quot;Canonical Ltd.&amp;quot;,&amp;quot;homepageURL&amp;quot;:null}],&amp;quot;targetApplications&amp;quot;:[{&amp;quot;id&amp;quot;:&amp;quot;{ec8030f7-c20a-464f-9b0e-13a3a9e97384}&amp;quot;,&amp;quot;minVersion&amp;quot;:&amp;quot;9.0&amp;quot;,&amp;quot;maxVersion&amp;quot;:&amp;quot;37.0a1&amp;quot;}],&amp;quot;targetPlatforms&amp;quot;:[],&amp;quot;multiprocessCompatible&amp;quot;:false,&amp;quot;signedState&amp;quot;:2,&amp;quot;seen&amp;quot;:true}
1496129956403	DeferredSave.extensions.json	DEBUG	Save changes
1496129956403	addons.xpi	DEBUG	Updating database with changes to installed add-ons
1496129956403	addons.xpi-utils	DEBUG	Updating add-on states
1496129956403	addons.xpi-utils	DEBUG	Writing add-ons list
1496129956404	addons.xpi	DEBUG	Registering manifest for /opt/firefox47/browser/features/e10srollout@mozilla.org.xpi
1496129956404	addons.xpi	DEBUG	Calling bootstrap method startup on e10srollout@mozilla.org version 1.0
1496129956404	addons.xpi	DEBUG	Registering manifest for /opt/firefox47/browser/features/loop@mozilla.org.xpi
1496129956405	addons.xpi	DEBUG	Calling bootstrap method startup on loop@mozilla.org version 1.3.2
1496129956416	addons.xpi	DEBUG	Registering manifest for /opt/firefox47/browser/features/firefox@getpocket.com.xpi
1496129956416	addons.xpi	DEBUG	Calling bootstrap method startup on firefox@getpocket.com version 1.0.2
1496129956418	addons.manager	DEBUG	Registering shutdown blocker for XPIProvider
1496129956418	addons.manager	DEBUG	Provider finished startup: XPIProvider
1496129956418	addons.manager	DEBUG	Starting provider: LightweightThemeManager
1496129956418	addons.manager	DEBUG	Registering shutdown blocker for LightweightThemeManager
1496129956418	addons.manager	DEBUG	Provider finished startup: LightweightThemeManager
1496129956419	addons.manager	DEBUG	Starting provider: GMPProvider
1496129956422	addons.manager	DEBUG	Registering shutdown blocker for GMPProvider
1496129956422	addons.manager	DEBUG	Provider finished startup: GMPProvider
1496129956422	addons.manager	DEBUG	Starting provider: PluginProvider
1496129956423	addons.manager	DEBUG	Registering shutdown blocker for PluginProvider
1496129956423	addons.manager	DEBUG	Provider finished startup: PluginProvider
1496129956423	addons.manager	DEBUG	Completed startup sequence
1496129957720	addons.manager	DEBUG	Starting provider: &amp;lt;unnamed-provider&amp;gt;
1496129957720	addons.manager	DEBUG	Registering shutdown blocker for &amp;lt;unnamed-provider&amp;gt;
1496129957721	addons.manager	DEBUG	Provider finished startup: &amp;lt;unnamed-provider&amp;gt;
1496129957722	DeferredSave.extensions.json	DEBUG	Starting write
1496129957807	addons.repository	DEBUG	No addons.json found.
1496129957807	DeferredSave.addons.json	DEBUG	Save changes
1496129957809	DeferredSave.addons.json	DEBUG	Starting timer
1496129957822	addons.manager	DEBUG	Starting provider: PreviousExperimentProvider
1496129957822	addons.manager	DEBUG	Registering shutdown blocker for PreviousExperimentProvider
1496129957822	addons.manager	DEBUG	Provider finished startup: PreviousExperimentProvider
1496129957824	DeferredSave.extensions.json	DEBUG	Write succeeded
1496129957824	addons.xpi-utils	DEBUG	XPI Database saved, setting schema version preference to 17
1496129957976	DeferredSave.addons.json	DEBUG	Starting write
1496129957982	DeferredSave.addons.json	DEBUG	Write succeeded

Build info: version: &amp;apos;2.53.0&amp;apos;, revision: &amp;apos;35ae25b1534ae328c771e0856c93e187490ca824&amp;apos;, time: &amp;apos;2016-03-15 10:43:46&amp;apos;
System info: host: &amp;apos;pace-OptiPlex-360&amp;apos;, ip: &amp;apos;127.0.1.1&amp;apos;, os.name: &amp;apos;Linux&amp;apos;, os.arch: &amp;apos;amd64&amp;apos;, os.version: &amp;apos;3.13.0-119-generic&amp;apos;, java.version: &amp;apos;1.8.0_131&amp;apos;
Driver info: driver.version: FirefoxDriver">
      <![CDATA[org.openqa.selenium.WebDriverException: Failed to connect to binary FirefoxBinary(/usr/bin/firefox) on port 7055; process output follows: 
","homepageURL":null},{"locales":["ro"],"name":"Ubuntu Modifications","description":"Pachetul Ubuntu Firefox.","creator":"Canonical Ltd.","homepageURL":null},{"locales":["ru"],"name":"Ubuntu Modifications","description":"Расширения Firefox для Ubuntu","creator":"Canonical Ltd.","homepageURL":null},{"locales":["sl"],"name":"Ubuntu Modifications","description":"Ubuntu razširitve za Firefox.","creator":"Canonical Ltd.","homepageURL":null},{"locales":["sv-SE"],"name":"Ubuntu Modifications","description":"Ubuntu-paket för Firefox.","creator":"Canonical Ltd.","homepageURL":null},{"locales":["uk"],"name":"Ubuntu Modifications","description":"Убунтівські доповнення до Firefox.","creator":"Canonical Ltd.","homepageURL":null},{"locales":["zh-CN"],"name":"Ubuntu Modifications","description":"Ubuntu 火狐扩展包.","creator":"Canonical Ltd.","homepageURL":null},{"locales":["zh-TW"],"name":"Ubuntu Modifications","description":"Ubuntu Firefox 擴充包。","creator":"Canonical Ltd.","homepageURL":null}],"targetApplications":[{"id":"{ec8030f7-c20a-464f-9b0e-13a3a9e97384}","minVersion":"9.0","maxVersion":"37.0a1"}],"targetPlatforms":[],"multiprocessCompatible":false,"signedState":2,"seen":true}
1496129956403	DeferredSave.extensions.json	DEBUG	Save changes
1496129956403	addons.xpi	DEBUG	Updating database with changes to installed add-ons
1496129956403	addons.xpi-utils	DEBUG	Updating add-on states
1496129956403	addons.xpi-utils	DEBUG	Writing add-ons list
1496129956404	addons.xpi	DEBUG	Registering manifest for /opt/firefox47/browser/features/e10srollout@mozilla.org.xpi
1496129956404	addons.xpi	DEBUG	Calling bootstrap method startup on e10srollout@mozilla.org version 1.0
1496129956404	addons.xpi	DEBUG	Registering manifest for /opt/firefox47/browser/features/loop@mozilla.org.xpi
1496129956405	addons.xpi	DEBUG	Calling bootstrap method startup on loop@mozilla.org version 1.3.2
1496129956416	addons.xpi	DEBUG	Registering manifest for /opt/firefox47/browser/features/firefox@getpocket.com.xpi
1496129956416	addons.xpi	DEBUG	Calling bootstrap method startup on firefox@getpocket.com version 1.0.2
1496129956418	addons.manager	DEBUG	Registering shutdown blocker for XPIProvider
1496129956418	addons.manager	DEBUG	Provider finished startup: XPIProvider
1496129956418	addons.manager	DEBUG	Starting provider: LightweightThemeManager
1496129956418	addons.manager	DEBUG	Registering shutdown blocker for LightweightThemeManager
1496129956418	addons.manager	DEBUG	Provider finished startup: LightweightThemeManager
1496129956419	addons.manager	DEBUG	Starting provider: GMPProvider
1496129956422	addons.manager	DEBUG	Registering shutdown blocker for GMPProvider
1496129956422	addons.manager	DEBUG	Provider finished startup: GMPProvider
1496129956422	addons.manager	DEBUG	Starting provider: PluginProvider
1496129956423	addons.manager	DEBUG	Registering shutdown blocker for PluginProvider
1496129956423	addons.manager	DEBUG	Provider finished startup: PluginProvider
1496129956423	addons.manager	DEBUG	Completed startup sequence
1496129957720	addons.manager	DEBUG	Starting provider: <unnamed-provider>
1496129957720	addons.manager	DEBUG	Registering shutdown blocker for <unnamed-provider>
1496129957721	addons.manager	DEBUG	Provider finished startup: <unnamed-provider>
1496129957722	DeferredSave.extensions.json	DEBUG	Starting write
1496129957807	addons.repository	DEBUG	No addons.json found.
1496129957807	DeferredSave.addons.json	DEBUG	Save changes
1496129957809	DeferredSave.addons.json	DEBUG	Starting timer
1496129957822	addons.manager	DEBUG	Starting provider: PreviousExperimentProvider
1496129957822	addons.manager	DEBUG	Registering shutdown blocker for PreviousExperimentProvider
1496129957822	addons.manager	DEBUG	Provider finished startup: PreviousExperimentProvider
1496129957824	DeferredSave.extensions.json	DEBUG	Write succeeded
1496129957824	addons.xpi-utils	DEBUG	XPI Database saved, setting schema version preference to 17
1496129957976	DeferredSave.addons.json	DEBUG	Starting write
1496129957982	DeferredSave.addons.json	DEBUG	Write succeeded

Build info: version: '2.53.0', revision: '35ae25b1534ae328c771e0856c93e187490ca824', time: '2016-03-15 10:43:46'
System info: host: 'pace-OptiPlex-360', ip: '127.0.1.1', os.name: 'Linux', os.arch: 'amd64', os.version: '3.13.0-119-generic', java.version: '1.8.0_131'
Driver info: driver.version: FirefoxDriver
	at org.openqa.selenium.firefox.internal.NewProfileExtensionConnection.start(NewProfileExtensionConnection.java:125)
	at org.openqa.selenium.firefox.FirefoxDriver.startClient(FirefoxDriver.java:271)
	at org.openqa.selenium.remote.RemoteWebDriver.<init>(RemoteWebDriver.java:119)
	at org.openqa.selenium.firefox.FirefoxDriver.<init>(FirefoxDriver.java:216)
	at org.openqa.selenium.firefox.FirefoxDriver.<init>(FirefoxDriver.java:211)
	at org.openqa.selenium.firefox.FirefoxDriver.<init>(FirefoxDriver.java:207)
	at org.openqa.selenium.firefox.FirefoxDriver.<init>(FirefoxDriver.java:120)
	at org.testDemo.Test.DemoTest.test(DemoTest.java:15)
Caused by: org.openqa.selenium.firefox.NotConnectedException: Unable to connect to host 127.0.0.1 on port 7055 after 45000 ms. Firefox console output:
","homepageURL":null},{"locales":["ro"],"name":"Ubuntu Modifications","description":"Pachetul Ubuntu Firefox.","creator":"Canonical Ltd.","homepageURL":null},{"locales":["ru"],"name":"Ubuntu Modifications","description":"Расширения Firefox для Ubuntu","creator":"Canonical Ltd.","homepageURL":null},{"locales":["sl"],"name":"Ubuntu Modifications","description":"Ubuntu razširitve za Firefox.","creator":"Canonical Ltd.","homepageURL":null},{"locales":["sv-SE"],"name":"Ubuntu Modifications","description":"Ubuntu-paket för Firefox.","creator":"Canonical Ltd.","homepageURL":null},{"locales":["uk"],"name":"Ubuntu Modifications","description":"Убунтівські доповнення до Firefox.","creator":"Canonical Ltd.","homepageURL":null},{"locales":["zh-CN"],"name":"Ubuntu Modifications","description":"Ubuntu 火狐扩展包.","creator":"Canonical Ltd.","homepageURL":null},{"locales":["zh-TW"],"name":"Ubuntu Modifications","description":"Ubuntu Firefox 擴充包。","creator":"Canonical Ltd.","homepageURL":null}],"targetApplications":[{"id":"{ec8030f7-c20a-464f-9b0e-13a3a9e97384}","minVersion":"9.0","maxVersion":"37.0a1"}],"targetPlatforms":[],"multiprocessCompatible":false,"signedState":2,"seen":true}
1496129956403	DeferredSave.extensions.json	DEBUG	Save changes
1496129956403	addons.xpi	DEBUG	Updating database with changes to installed add-ons
1496129956403	addons.xpi-utils	DEBUG	Updating add-on states
1496129956403	addons.xpi-utils	DEBUG	Writing add-ons list
1496129956404	addons.xpi	DEBUG	Registering manifest for /opt/firefox47/browser/features/e10srollout@mozilla.org.xpi
1496129956404	addons.xpi	DEBUG	Calling bootstrap method startup on e10srollout@mozilla.org version 1.0
1496129956404	addons.xpi	DEBUG	Registering manifest for /opt/firefox47/browser/features/loop@mozilla.org.xpi
1496129956405	addons.xpi	DEBUG	Calling bootstrap method startup on loop@mozilla.org version 1.3.2
1496129956416	addons.xpi	DEBUG	Registering manifest for /opt/firefox47/browser/features/firefox@getpocket.com.xpi
1496129956416	addons.xpi	DEBUG	Calling bootstrap method startup on firefox@getpocket.com version 1.0.2
1496129956418	addons.manager	DEBUG	Registering shutdown blocker for XPIProvider
1496129956418	addons.manager	DEBUG	Provider finished startup: XPIProvider
1496129956418	addons.manager	DEBUG	Starting provider: LightweightThemeManager
1496129956418	addons.manager	DEBUG	Registering shutdown blocker for LightweightThemeManager
1496129956418	addons.manager	DEBUG	Provider finished startup: LightweightThemeManager
1496129956419	addons.manager	DEBUG	Starting provider: GMPProvider
1496129956422	addons.manager	DEBUG	Registering shutdown blocker for GMPProvider
1496129956422	addons.manager	DEBUG	Provider finished startup: GMPProvider
1496129956422	addons.manager	DEBUG	Starting provider: PluginProvider
1496129956423	addons.manager	DEBUG	Registering shutdown blocker for PluginProvider
1496129956423	addons.manager	DEBUG	Provider finished startup: PluginProvider
1496129956423	addons.manager	DEBUG	Completed startup sequence
1496129957720	addons.manager	DEBUG	Starting provider: <unnamed-provider>
1496129957720	addons.manager	DEBUG	Registering shutdown blocker for <unnamed-provider>
1496129957721	addons.manager	DEBUG	Provider finished startup: <unnamed-provider>
1496129957722	DeferredSave.extensions.json	DEBUG	Starting write
1496129957807	addons.repository	DEBUG	No addons.json found.
1496129957807	DeferredSave.addons.json	DEBUG	Save changes
1496129957809	DeferredSave.addons.json	DEBUG	Starting timer
1496129957822	addons.manager	DEBUG	Starting provider: PreviousExperimentProvider
1496129957822	addons.manager	DEBUG	Registering shutdown blocker for PreviousExperimentProvider
1496129957822	addons.manager	DEBUG	Provider finished startup: PreviousExperimentProvider
1496129957824	DeferredSave.extensions.json	DEBUG	Write succeeded
1496129957824	addons.xpi-utils	DEBUG	XPI Database saved, setting schema version preference to 17
1496129957976	DeferredSave.addons.json	DEBUG	Starting write
1496129957982	DeferredSave.addons.json	DEBUG	Write succeeded

	at org.openqa.selenium.firefox.internal.NewProfileExtensionConnection.start(NewProfileExtensionConnection.java:113)
	... 40 more
... Removed 33 stack frames]]>
    </failure>
  </testcase> <!-- test -->
</testsuite> <!-- Command line test -->
