<?xml version="1.0" encoding="UTF-8"?>
<testng-results skipped="0" failed="0" total="1" passed="1">
  <reporter-output>
  </reporter-output>
  <suite name="Default suite" duration-ms="5573" started-at="2017-05-30T07:54:09Z" finished-at="2017-05-30T07:54:14Z">
    <groups>
    </groups>
    <test name="Default test" duration-ms="5573" started-at="2017-05-30T07:54:09Z" finished-at="2017-05-30T07:54:14Z">
      <class name="org.testDemo.Test.DemoTest">
        <test-method status="PASS" signature="test()[pri:0, instance:org.testDemo.Test.DemoTest@28f67ac7]" name="test" duration-ms="5561" started-at="2017-05-30T13:24:09Z" finished-at="2017-05-30T13:24:14Z">
          <reporter-output>
          </reporter-output>
        </test-method> <!-- test -->
      </class> <!-- org.testDemo.Test.DemoTest -->
    </test> <!-- Default test -->
  </suite> <!-- Default suite -->
</testng-results>
